\BOOKMARK [1][-]{section.1}{Introduction}{}% 1
\BOOKMARK [1][-]{section.2}{Plate cooling}{}% 2
\BOOKMARK [2][-]{subsection.2.1}{Thermal problem}{section.2}% 3
\BOOKMARK [2][-]{subsection.2.2}{Ocean depth away from mid-ocean ridge}{section.2}% 4
\BOOKMARK [1][-]{section.3}{Natural convection}{}% 5
\BOOKMARK [2][-]{subsection.3.1}{Static stability}{section.3}% 6
\BOOKMARK [2][-]{subsection.3.2}{Onset of convection}{section.3}% 7
\BOOKMARK [2][-]{subsection.3.3}{High Rayleigh number convection}{section.3}% 8
\BOOKMARK [1][-]{section.4}{Solidification/melting}{}% 9
\BOOKMARK [2][-]{subsection.4.1}{The Stefan condition}{section.4}% 10
\BOOKMARK [2][-]{subsection.4.2}{1D solification from a cooled boundary}{section.4}% 11
\BOOKMARK [3][-]{subsubsection.4.2.1}{Quasi-steady approximation}{subsection.4.2}% 12
\BOOKMARK [2][-]{subsection.4.3}{Phase change and fluid flow}{section.4}% 13
\BOOKMARK [2][-]{subsection.4.4}{Solidification with vigorous convection}{section.4}% 14
\BOOKMARK [2][-]{subsection.4.5}{Earth's core}{section.4}% 15
\BOOKMARK [1][-]{section.5}{Flows in porous media}{}% 16
\BOOKMARK [2][-]{subsection.5.1}{Darcy's law}{section.5}% 17
\BOOKMARK [2][-]{subsection.5.2}{Porous gravity currents}{section.5}% 18
\BOOKMARK [2][-]{subsection.5.3}{Constant volume gravity current \(porous \046 unconfined\)}{section.5}% 19
\BOOKMARK [1][-]{section.6}{Convection in porous media}{}% 20
\BOOKMARK [2][-]{subsection.6.1}{Scaling for high Ra porous convection}{section.6}% 21
\BOOKMARK [2][-]{subsection.6.2}{Dissolution from an unconfined aquifer}{section.6}% 22
\BOOKMARK [2][-]{subsection.6.3}{Charging/discharging of a groundwater aquifer}{section.6}% 23
\BOOKMARK [2][-]{subsection.6.4}{Gravity currents with residual trapping}{section.6}% 24
\BOOKMARK [1][-]{section.7}{Saffman-Taylor fingering}{}% 25
\BOOKMARK [1][-]{section.8}{Solidifcation of binary eutectic mixtures}{}% 26
\BOOKMARK [2][-]{subsection.8.1}{Morphological instability}{section.8}% 27
\BOOKMARK [2][-]{subsection.8.2}{Convection in mushy layers}{section.8}% 28
\BOOKMARK [1][-]{section.9}{Poroelasticity}{}% 29
\BOOKMARK [2][-]{subsection.9.1}{Flows of two-phase mixtures}{section.9}% 30
\BOOKMARK [2][-]{subsection.9.2}{Static compaction}{section.9}% 31
\BOOKMARK [2][-]{subsection.9.3}{Dynamic compaction}{section.9}% 32
\BOOKMARK [2][-]{subsection.9.4}{Pore-pressure variations in a confined aquifer}{section.9}% 33
\BOOKMARK [1][-]{section.10}{Terrestrial ice sheets}{}% 34
\BOOKMARK [2][-]{subsection.10.1}{Two dimensional model}{section.10}% 35
