\BOOKMARK [1][-]{section.1}{Introduction to Non-Newtonian Fluids}{}% 1
\BOOKMARK [1][-]{section.2}{Summary of Newtonian Fluid Mechanics}{}% 2
\BOOKMARK [2][-]{subsection.2.1}{Continuum approximation}{section.2}% 3
\BOOKMARK [2][-]{subsection.2.2}{Conservation of mass}{section.2}% 4
\BOOKMARK [2][-]{subsection.2.3}{Mechanical equilibrium}{section.2}% 5
\BOOKMARK [2][-]{subsection.2.4}{Constitutive modelling}{section.2}% 6
\BOOKMARK [1][-]{section.3}{Phenomenology}{}% 7
\BOOKMARK [2][-]{subsection.3.1}{Shear-dependent viscosity}{section.3}% 8
\BOOKMARK [2][-]{subsection.3.2}{Fluid memory}{section.3}% 9
\BOOKMARK [2][-]{subsection.3.3}{Normal stress differences}{section.3}% 10
\BOOKMARK [2][-]{subsection.3.4}{Extensional Viscosity}{section.3}% 11
\BOOKMARK [1][-]{section.4}{Generalised Newtonian Fluids}{}% 12
\BOOKMARK [2][-]{subsection.4.1}{Power-law fluids}{section.4}% 13
\BOOKMARK [3][-]{subsubsection.4.1.1}{Pipe flow of a power-law fluid}{subsection.4.1}% 14
\BOOKMARK [2][-]{subsection.4.2}{Other models \046 problems}{section.4}% 15
\BOOKMARK [3][-]{subsubsection.4.2.1}{Carreau-Yasuda model}{subsection.4.2}% 16
\BOOKMARK [3][-]{subsubsection.4.2.2}{Powell-Eyring \046 Ellis models}{subsection.4.2}% 17
\BOOKMARK [2][-]{subsection.4.3}{Rheometry}{section.4}% 18
\BOOKMARK [2][-]{subsection.4.4}{Variational approach}{section.4}% 19
\BOOKMARK [3][-]{subsubsection.4.4.1}{Calculus of variations}{subsection.4.4}% 20
\BOOKMARK [3][-]{subsubsection.4.4.2}{Variational solution}{subsection.4.4}% 21
