\BOOKMARK [1][-]{section.1}{Fluid motion in a rotating reference frame}{}% 1
\BOOKMARK [2][-]{subsection.1.1}{Local Cartesian coordinates}{section.1}% 2
\BOOKMARK [2][-]{subsection.1.2}{Scale analysis.}{section.1}% 3
\BOOKMARK [2][-]{subsection.1.3}{Taylor-Proudman Theorem}{section.1}% 4
\BOOKMARK [1][-]{section.2}{Departures from geostrophy}{}% 5
\BOOKMARK [2][-]{subsection.2.1}{Inertial \(free\) oscillations}{section.2}% 6
\BOOKMARK [2][-]{subsection.2.2}{Ekman layer}{section.2}% 7
\BOOKMARK [2][-]{subsection.2.3}{Ekman transport}{section.2}% 8
\BOOKMARK [2][-]{subsection.2.4}{Ekman pumping}{section.2}% 9
\BOOKMARK [1][-]{section.3}{Rotating shallow water equations}{}% 10
\BOOKMARK [2][-]{subsection.3.1}{Potential vorticity \(PV\)}{section.3}% 11
\BOOKMARK [1][-]{section.4}{Small amplitude motions in rotating SW}{}% 12
\BOOKMARK [2][-]{subsection.4.1}{Steady flows}{section.4}% 13
\BOOKMARK [2][-]{subsection.4.2}{Waves in an unbounded domain}{section.4}% 14
\BOOKMARK [1][-]{section.5}{Geostrophic adjustment}{}% 15
\BOOKMARK [2][-]{subsection.5.1}{Steady solutions}{section.5}% 16
\BOOKMARK [2][-]{subsection.5.2}{Transients}{section.5}% 17
\BOOKMARK [2][-]{subsection.5.3}{Energetics}{section.5}% 18
\BOOKMARK [1][-]{section.6}{Quasi-geostrophic equations}{}% 19
\BOOKMARK [2][-]{subsection.6.1}{Waves in QG}{section.6}% 20
\BOOKMARK [2][-]{subsection.6.2}{Physical interpretation of Rossby waves}{section.6}% 21
\BOOKMARK [1][-]{section.7}{Large scale ocean circulation}{}% 22
\BOOKMARK [2][-]{subsection.7.1}{Sverdrup flow}{section.7}% 23
\BOOKMARK [2][-]{subsection.7.2}{Western boundary currents}{section.7}% 24
\BOOKMARK [1][-]{section.8}{Stratification}{}% 25
\BOOKMARK [2][-]{subsection.8.1}{Boussinesq approximation}{section.8}% 26
\BOOKMARK [2][-]{subsection.8.2}{Atmosphere \046 ocean stratification}{section.8}% 27
\BOOKMARK [2][-]{subsection.8.3}{Internal gravity waves}{section.8}% 28
\BOOKMARK [1][-]{section.9}{3D quasi-geostrophic equations}{}% 29
\BOOKMARK [2][-]{subsection.9.1}{Basic facts about rotation \046 stratification}{section.9}% 30
\BOOKMARK [2][-]{subsection.9.2}{Thermal wind equation}{section.9}% 31
\BOOKMARK [2][-]{subsection.9.3}{Potential vorticity}{section.9}% 32
\BOOKMARK [2][-]{subsection.9.4}{3D quasi-geostrophic equations}{section.9}% 33
\BOOKMARK [3][-]{subsubsection.9.4.1}{Quasi-geostrophic `point vortex'}{subsection.9.4}% 34
\BOOKMARK [1][-]{section.10}{Waves \046 instabilities in 3D QG}{}% 35
\BOOKMARK [2][-]{subsection.10.1}{Framework}{section.10}% 36
\BOOKMARK [2][-]{subsection.10.2}{Rossby waves \205 vertical modes}{section.10}% 37
\BOOKMARK [2][-]{subsection.10.3}{Baroclinic instability}{section.10}% 38
\BOOKMARK [1][-]{section.11}{Fronts}{}% 39
\BOOKMARK [2][-]{subsection.11.1}{Frontogenesis function}{section.11}% 40
\BOOKMARK [2][-]{subsection.11.2}{Vertical velocity in 3D QG equations}{section.11}% 41
\BOOKMARK [3][-]{subsubsection.11.2.1}{Ageostrophic secondary circulation \(ASC\)}{subsection.11.2}% 42
\BOOKMARK [2][-]{subsection.11.3}{PV conservation in the Boussinesq equations}{section.11}% 43
\BOOKMARK [1][-]{section.12}{Internal waves \046 instabilities in fronts}{}% 44
